build/outputs/logs/manifest-merger-debug-report.txt
-- Merging decision tree log ---
manifest
ADDED from android_studio\android_wangtu\AndroidManifest.xml:2:1-277:12
	package
		ADDED from android_studio\android_wangtu\AndroidManifest.xml:3:5-33
		INJECTED from android_studio\android_wangtu\AndroidManifest.xml
		INJECTED from android_studio\android_wangtu\AndroidManifest.xml
	android:versionName
		ADDED from android_studio\android_wangtu\AndroidManifest.xml:5:5-32
		INJECTED from android_studio\android_wangtu\AndroidManifest.xml
		INJECTED from android_studio\android_wangtu\AndroidManifest.xml
	android:versionCode
		ADDED from android_studio\android_wangtu\AndroidManifest.xml:4:5-37
		INJECTED from android_studio\android_wangtu\AndroidManifest.xml
		INJECTED from android_studio\android_wangtu\AndroidManifest.xml
	xmlns:android
		ADDED from android_studio\android_wangtu\AndroidManifest.xml:2:11-69
uses-sdk
ADDED from android_studio\android_wangtu\AndroidManifest.xml:7:5-9:41
MERGED from [com.android.support:appcompat-v7:25.3.1] AndroidManifest.xml:21:5-23:78
MERGED from [com.android.support:animated-vector-drawable:25.3.1] AndroidManifest.xml:20:5-44
MERGED from [com.android.support:support-vector-drawable:25.3.1] AndroidManifest.xml:20:5-43
MERGED from [com.android.support:support-v4:25.3.1] AndroidManifest.xml:21:5-23:54
MERGED from [com.android.support:support-fragment:25.3.1] AndroidManifest.xml:21:5-23:60
MERGED from [com.android.support:support-media-compat:25.3.1] AndroidManifest.xml:21:5-23:63
MERGED from [com.android.support:support-core-ui:25.3.1] AndroidManifest.xml:21:5-23:58
MERGED from [com.android.support:support-core-utils:25.3.1] AndroidManifest.xml:21:5-23:61
MERGED from [com.android.support:support-compat:25.3.1] AndroidManifest.xml:21:5-23:58
MERGED from [com.android.support.constraint:constraint-layout:1.0.2] AndroidManifest.xml:5:5-7:41
	tools:overrideLibrary
		ADDED from [com.android.support:appcompat-v7:25.3.1] AndroidManifest.xml:23:9-75
	android:targetSdkVersion
		ADDED from android_studio\android_wangtu\AndroidManifest.xml:9:9-38
		INJECTED from android_studio\android_wangtu\AndroidManifest.xml
		INJECTED from android_studio\android_wangtu\AndroidManifest.xml
	android:minSdkVersion
		ADDED from android_studio\android_wangtu\AndroidManifest.xml:8:9-35
		INJECTED from android_studio\android_wangtu\AndroidManifest.xml
		INJECTED from android_studio\android_wangtu\AndroidManifest.xml
uses-permission#android.permission.MODIFY_AUDIO_SETTINGS
ADDED from android_studio\android_wangtu\AndroidManifest.xml:12:2-76
	android:name
		ADDED from android_studio\android_wangtu\AndroidManifest.xml:12:19-74
uses-permission#android.permission.INTERNET
ADDED from android_studio\android_wangtu\AndroidManifest.xml:13:2-64
	android:name
		ADDED from android_studio\android_wangtu\AndroidManifest.xml:13:19-61
uses-permission#android.permission.ACCESS_NETWORK_STATE
ADDED from android_studio\android_wangtu\AndroidManifest.xml:14:2-76
	android:name
		ADDED from android_studio\android_wangtu\AndroidManifest.xml:14:19-73
uses-permission#android.permission.ACCESS_WIFI_STATE
ADDED from android_studio\android_wangtu\AndroidManifest.xml:15:2-73
	android:name
		ADDED from android_studio\android_wangtu\AndroidManifest.xml:15:19-70
uses-permission#android.permission.BLUETOOTH
ADDED from android_studio\android_wangtu\AndroidManifest.xml:16:2-65
	android:name
		ADDED from android_studio\android_wangtu\AndroidManifest.xml:16:19-62
uses-permission#android.permission.READ_PHONE_STATE
ADDED from android_studio\android_wangtu\AndroidManifest.xml:17:2-72
	android:name
		ADDED from android_studio\android_wangtu\AndroidManifest.xml:17:19-69
uses-permission#android.permission.WRITE_EXTERNAL_STORAGE
ADDED from android_studio\android_wangtu\AndroidManifest.xml:18:2-78
	android:name
		ADDED from android_studio\android_wangtu\AndroidManifest.xml:18:19-75
uses-permission#android.permission.READ_EXTERNAL_STORAGE
ADDED from android_studio\android_wangtu\AndroidManifest.xml:19:2-77
	android:name
		ADDED from android_studio\android_wangtu\AndroidManifest.xml:19:19-74
uses-permission#android.permission.CALL_PHONE
ADDED from android_studio\android_wangtu\AndroidManifest.xml:20:2-66
	android:name
		ADDED from android_studio\android_wangtu\AndroidManifest.xml:20:19-63
uses-permission#android.permission.CAMERA
ADDED from android_studio\android_wangtu\AndroidManifest.xml:21:2-62
	android:name
		ADDED from android_studio\android_wangtu\AndroidManifest.xml:21:19-59
uses-permission#android.permission.ACCESS_FINE_LOCATION
ADDED from android_studio\android_wangtu\AndroidManifest.xml:22:2-76
	android:name
		ADDED from android_studio\android_wangtu\AndroidManifest.xml:22:19-73
uses-permission#android.permission.ACCESS_COARSE_LOCATION
ADDED from android_studio\android_wangtu\AndroidManifest.xml:23:2-78
	android:name
		ADDED from android_studio\android_wangtu\AndroidManifest.xml:23:19-75
uses-permission#android.permission.GET_TASKS
ADDED from android_studio\android_wangtu\AndroidManifest.xml:24:2-65
	android:name
		ADDED from android_studio\android_wangtu\AndroidManifest.xml:24:19-62
uses-permission#android.permission.CHANGE_WIFI_STATE
ADDED from android_studio\android_wangtu\AndroidManifest.xml:25:2-73
	android:name
		ADDED from android_studio\android_wangtu\AndroidManifest.xml:25:19-70
uses-permission#android.permission.SYSTEM_ALERT_WINDOW
ADDED from android_studio\android_wangtu\AndroidManifest.xml:26:2-75
	android:name
		ADDED from android_studio\android_wangtu\AndroidManifest.xml:26:19-72
uses-permission#android.permission.WAKE_LOCK
ADDED from android_studio\android_wangtu\AndroidManifest.xml:29:2-65
	android:name
		ADDED from android_studio\android_wangtu\AndroidManifest.xml:29:19-62
uses-permission#android.permission.RECEIVE_BOOT_COMPLETED
ADDED from android_studio\android_wangtu\AndroidManifest.xml:30:2-78
	android:name
		ADDED from android_studio\android_wangtu\AndroidManifest.xml:30:19-75
uses-permission#android.permission.VIBRATE
ADDED from android_studio\android_wangtu\AndroidManifest.xml:31:2-63
	android:name
		ADDED from android_studio\android_wangtu\AndroidManifest.xml:31:19-60
uses-permission#getui.permission.GetuiService.net.wangtu.android
ADDED from android_studio\android_wangtu\AndroidManifest.xml:33:2-85
	android:name
		ADDED from android_studio\android_wangtu\AndroidManifest.xml:33:19-82
permission#getui.permission.GetuiService.net.wangtu.android
ADDED from android_studio\android_wangtu\AndroidManifest.xml:35:2-38:15
	android:protectionLevel
		ADDED from android_studio\android_wangtu\AndroidManifest.xml:37:3-35
	android:name
		ADDED from android_studio\android_wangtu\AndroidManifest.xml:36:3-66
application
ADDED from android_studio\android_wangtu\AndroidManifest.xml:41:5-275:19
MERGED from [com.android.support:appcompat-v7:25.3.1] AndroidManifest.xml:29:5-20
MERGED from [com.android.support:animated-vector-drawable:25.3.1] AndroidManifest.xml:26:5-20
MERGED from [com.android.support:support-vector-drawable:25.3.1] AndroidManifest.xml:26:5-20
MERGED from [com.android.support:support-v4:25.3.1] AndroidManifest.xml:29:5-20
MERGED from [com.android.support:support-fragment:25.3.1] AndroidManifest.xml:29:5-20
MERGED from [com.android.support:support-media-compat:25.3.1] AndroidManifest.xml:29:5-20
MERGED from [com.android.support:support-core-ui:25.3.1] AndroidManifest.xml:29:5-20
MERGED from [com.android.support:support-core-utils:25.3.1] AndroidManifest.xml:29:5-20
MERGED from [com.android.support:support-compat:25.3.1] AndroidManifest.xml:29:5-20
MERGED from [com.android.support.constraint:constraint-layout:1.0.2] AndroidManifest.xml:9:5-20
	android:label
		ADDED from android_studio\android_wangtu\AndroidManifest.xml:46:3-35
	android:allowBackup
		ADDED from android_studio\android_wangtu\AndroidManifest.xml:43:9-35
	android:icon
		ADDED from android_studio\android_wangtu\AndroidManifest.xml:44:9-38
	android:theme
		ADDED from android_studio\android_wangtu\AndroidManifest.xml:45:3-34
	android:name
		ADDED from android_studio\android_wangtu\AndroidManifest.xml:42:3-54
activity#net.wangtu.android.MainActivity
ADDED from android_studio\android_wangtu\AndroidManifest.xml:48:9-56:20
	android:screenOrientation
		ADDED from android_studio\android_wangtu\AndroidManifest.xml:50:4-40
	android:label
		ADDED from android_studio\android_wangtu\AndroidManifest.xml:51:4-36
	android:name
		ADDED from android_studio\android_wangtu\AndroidManifest.xml:49:13-59
intent-filter#android.intent.action.MAIN+android.intent.category.LAUNCHER
ADDED from android_studio\android_wangtu\AndroidManifest.xml:52:13-55:29
category#android.intent.category.LAUNCHER
ADDED from android_studio\android_wangtu\AndroidManifest.xml:53:17-77
	android:name
		ADDED from android_studio\android_wangtu\AndroidManifest.xml:53:27-74
action#android.intent.action.MAIN
ADDED from android_studio\android_wangtu\AndroidManifest.xml:54:17-69
	android:name
		ADDED from android_studio\android_wangtu\AndroidManifest.xml:54:25-66
activity#net.wangtu.android.activity.LoginActivity
ADDED from android_studio\android_wangtu\AndroidManifest.xml:58:3-62:14
	android:screenOrientation
		ADDED from android_studio\android_wangtu\AndroidManifest.xml:60:4-40
	android:label
		ADDED from android_studio\android_wangtu\AndroidManifest.xml:61:4-36
	android:name
		ADDED from android_studio\android_wangtu\AndroidManifest.xml:59:4-60
activity#net.wangtu.android.activity.UserInfoEditActivity
ADDED from android_studio\android_wangtu\AndroidManifest.xml:64:3-68:14
	android:screenOrientation
		ADDED from android_studio\android_wangtu\AndroidManifest.xml:66:4-40
	android:label
		ADDED from android_studio\android_wangtu\AndroidManifest.xml:67:4-36
	android:name
		ADDED from android_studio\android_wangtu\AndroidManifest.xml:65:4-67
activity#net.wangtu.android.activity.RegisterActivity
ADDED from android_studio\android_wangtu\AndroidManifest.xml:70:3-74:14
	android:screenOrientation
		ADDED from android_studio\android_wangtu\AndroidManifest.xml:72:4-40
	android:label
		ADDED from android_studio\android_wangtu\AndroidManifest.xml:73:4-36
	android:name
		ADDED from android_studio\android_wangtu\AndroidManifest.xml:71:4-63
activity#net.wangtu.android.activity.UserInfoActivity
ADDED from android_studio\android_wangtu\AndroidManifest.xml:75:3-79:14
	android:screenOrientation
		ADDED from android_studio\android_wangtu\AndroidManifest.xml:77:4-40
	android:label
		ADDED from android_studio\android_wangtu\AndroidManifest.xml:78:4-36
	android:name
		ADDED from android_studio\android_wangtu\AndroidManifest.xml:76:4-63
activity#net.wangtu.android.activity.HomeActivity
ADDED from android_studio\android_wangtu\AndroidManifest.xml:81:3-87:14
	android:screenOrientation
		ADDED from android_studio\android_wangtu\AndroidManifest.xml:84:4-40
	android:launchMode
		ADDED from android_studio\android_wangtu\AndroidManifest.xml:86:4-35
	android:configChanges
		ADDED from android_studio\android_wangtu\AndroidManifest.xml:85:4-65
	android:theme
		ADDED from android_studio\android_wangtu\AndroidManifest.xml:83:4-51
	android:name
		ADDED from android_studio\android_wangtu\AndroidManifest.xml:82:4-59
activity#net.wangtu.android.activity.RewardDetailActivity
ADDED from android_studio\android_wangtu\AndroidManifest.xml:89:3-93:14
	android:screenOrientation
		ADDED from android_studio\android_wangtu\AndroidManifest.xml:91:4-40
	android:label
		ADDED from android_studio\android_wangtu\AndroidManifest.xml:92:4-36
	android:name
		ADDED from android_studio\android_wangtu\AndroidManifest.xml:90:4-67
activity#net.wangtu.android.activity.MyRewardDetailBiddingActivity
ADDED from android_studio\android_wangtu\AndroidManifest.xml:94:3-98:14
	android:screenOrientation
		ADDED from android_studio\android_wangtu\AndroidManifest.xml:96:4-40
	android:label
		ADDED from android_studio\android_wangtu\AndroidManifest.xml:97:4-36
	android:name
		ADDED from android_studio\android_wangtu\AndroidManifest.xml:95:4-76
activity#net.wangtu.android.activity.MyTaskDetailBiddingActivity
ADDED from android_studio\android_wangtu\AndroidManifest.xml:99:3-103:14
	android:screenOrientation
		ADDED from android_studio\android_wangtu\AndroidManifest.xml:101:4-40
	android:label
		ADDED from android_studio\android_wangtu\AndroidManifest.xml:102:4-36
	android:name
		ADDED from android_studio\android_wangtu\AndroidManifest.xml:100:4-74
activity#net.wangtu.android.activity.MyTaskDetailPayActivity
ADDED from android_studio\android_wangtu\AndroidManifest.xml:104:3-108:14
	android:screenOrientation
		ADDED from android_studio\android_wangtu\AndroidManifest.xml:106:4-40
	android:label
		ADDED from android_studio\android_wangtu\AndroidManifest.xml:107:4-36
	android:name
		ADDED from android_studio\android_wangtu\AndroidManifest.xml:105:4-70
activity#net.wangtu.android.activity.MyTaskDetailProgressActivity
ADDED from android_studio\android_wangtu\AndroidManifest.xml:109:3-113:14
	android:screenOrientation
		ADDED from android_studio\android_wangtu\AndroidManifest.xml:111:4-40
	android:label
		ADDED from android_studio\android_wangtu\AndroidManifest.xml:112:4-36
	android:name
		ADDED from android_studio\android_wangtu\AndroidManifest.xml:110:4-75
activity#net.wangtu.android.activity.MyTaskActivity
ADDED from android_studio\android_wangtu\AndroidManifest.xml:115:3-119:14
	android:screenOrientation
		ADDED from android_studio\android_wangtu\AndroidManifest.xml:117:4-40
	android:label
		ADDED from android_studio\android_wangtu\AndroidManifest.xml:118:4-36
	android:name
		ADDED from android_studio\android_wangtu\AndroidManifest.xml:116:4-61
activity#net.wangtu.android.activity.common.PhotoActivity
ADDED from android_studio\android_wangtu\AndroidManifest.xml:122:3-126:14
	android:screenOrientation
		ADDED from android_studio\android_wangtu\AndroidManifest.xml:124:4-40
	android:label
		ADDED from android_studio\android_wangtu\AndroidManifest.xml:125:4-36
	android:name
		ADDED from android_studio\android_wangtu\AndroidManifest.xml:123:4-67
activity#net.wangtu.android.activity.common.AlbumActivity
ADDED from android_studio\android_wangtu\AndroidManifest.xml:127:3-131:14
	android:screenOrientation
		ADDED from android_studio\android_wangtu\AndroidManifest.xml:129:4-40
	android:label
		ADDED from android_studio\android_wangtu\AndroidManifest.xml:130:4-36
	android:name
		ADDED from android_studio\android_wangtu\AndroidManifest.xml:128:4-67
activity#net.wangtu.android.activity.common.ClipImageActivity
ADDED from android_studio\android_wangtu\AndroidManifest.xml:132:3-136:14
	android:screenOrientation
		ADDED from android_studio\android_wangtu\AndroidManifest.xml:134:4-40
	android:label
		ADDED from android_studio\android_wangtu\AndroidManifest.xml:135:4-36
	android:name
		ADDED from android_studio\android_wangtu\AndroidManifest.xml:133:4-71
activity#net.wangtu.android.activity.common.AvatarActivity
ADDED from android_studio\android_wangtu\AndroidManifest.xml:137:3-141:14
	android:screenOrientation
		ADDED from android_studio\android_wangtu\AndroidManifest.xml:139:4-40
	android:label
		ADDED from android_studio\android_wangtu\AndroidManifest.xml:140:4-36
	android:name
		ADDED from android_studio\android_wangtu\AndroidManifest.xml:138:4-68
activity#net.wangtu.android.activity.PlatPayActivity
ADDED from android_studio\android_wangtu\AndroidManifest.xml:143:3-148:14
	android:screenOrientation
		ADDED from android_studio\android_wangtu\AndroidManifest.xml:146:4-40
	android:label
		ADDED from android_studio\android_wangtu\AndroidManifest.xml:147:4-36
	android:launchMode
		ADDED from android_studio\android_wangtu\AndroidManifest.xml:145:4-35
	android:name
		ADDED from android_studio\android_wangtu\AndroidManifest.xml:144:4-62
activity#net.wangtu.android.activity.MyRewardDetailPublishActivity
ADDED from android_studio\android_wangtu\AndroidManifest.xml:150:3-154:14
	android:screenOrientation
		ADDED from android_studio\android_wangtu\AndroidManifest.xml:152:4-40
	android:label
		ADDED from android_studio\android_wangtu\AndroidManifest.xml:153:4-36
	android:name
		ADDED from android_studio\android_wangtu\AndroidManifest.xml:151:4-76
activity#net.wangtu.android.activity.MyRewardDetailResultActivity
ADDED from android_studio\android_wangtu\AndroidManifest.xml:156:3-160:14
	android:screenOrientation
		ADDED from android_studio\android_wangtu\AndroidManifest.xml:158:4-40
	android:label
		ADDED from android_studio\android_wangtu\AndroidManifest.xml:159:4-36
	android:name
		ADDED from android_studio\android_wangtu\AndroidManifest.xml:157:4-75
activity#net.wangtu.android.activity.SettingActivity
ADDED from android_studio\android_wangtu\AndroidManifest.xml:162:3-166:14
	android:screenOrientation
		ADDED from android_studio\android_wangtu\AndroidManifest.xml:164:4-40
	android:label
		ADDED from android_studio\android_wangtu\AndroidManifest.xml:165:4-36
	android:name
		ADDED from android_studio\android_wangtu\AndroidManifest.xml:163:4-62
activity#net.wangtu.android.activity.MyNoticeActivity
ADDED from android_studio\android_wangtu\AndroidManifest.xml:168:3-172:14
	android:screenOrientation
		ADDED from android_studio\android_wangtu\AndroidManifest.xml:170:4-40
	android:label
		ADDED from android_studio\android_wangtu\AndroidManifest.xml:171:4-36
	android:name
		ADDED from android_studio\android_wangtu\AndroidManifest.xml:169:4-63
activity#net.wangtu.android.activity.TaskCommentActivity
ADDED from android_studio\android_wangtu\AndroidManifest.xml:174:3-178:14
	android:screenOrientation
		ADDED from android_studio\android_wangtu\AndroidManifest.xml:176:4-40
	android:label
		ADDED from android_studio\android_wangtu\AndroidManifest.xml:177:4-36
	android:name
		ADDED from android_studio\android_wangtu\AndroidManifest.xml:175:4-66
activity#net.wangtu.android.wxapi.WXPayEntryActivity
ADDED from android_studio\android_wangtu\AndroidManifest.xml:180:3-185:14
	android:screenOrientation
		ADDED from android_studio\android_wangtu\AndroidManifest.xml:182:4-40
	android:label
		ADDED from android_studio\android_wangtu\AndroidManifest.xml:184:4-36
	android:launchMode
		ADDED from android_studio\android_wangtu\AndroidManifest.xml:183:4-34
	android:name
		ADDED from android_studio\android_wangtu\AndroidManifest.xml:181:4-44
activity#com.alipay.sdk.app.H5PayActivity
ADDED from android_studio\android_wangtu\AndroidManifest.xml:188:3-193:14
	android:screenOrientation
		ADDED from android_studio\android_wangtu\AndroidManifest.xml:192:4-38
	android:exported
		ADDED from android_studio\android_wangtu\AndroidManifest.xml:191:4-28
	android:configChanges
		ADDED from android_studio\android_wangtu\AndroidManifest.xml:190:4-65
	android:name
		ADDED from android_studio\android_wangtu\AndroidManifest.xml:189:4-51
activity#com.alipay.sdk.auth.AuthActivity
ADDED from android_studio\android_wangtu\AndroidManifest.xml:194:3-199:14
	android:screenOrientation
		ADDED from android_studio\android_wangtu\AndroidManifest.xml:198:4-38
	android:exported
		ADDED from android_studio\android_wangtu\AndroidManifest.xml:197:4-28
	android:configChanges
		ADDED from android_studio\android_wangtu\AndroidManifest.xml:196:4-65
	android:name
		ADDED from android_studio\android_wangtu\AndroidManifest.xml:195:4-51
service#net.wangtu.android.common.compoment.getui.GeTuiService
ADDED from android_studio\android_wangtu\AndroidManifest.xml:203:3-208:13
	android:process
		ADDED from android_studio\android_wangtu\AndroidManifest.xml:207:4-34
	android:label
		ADDED from android_studio\android_wangtu\AndroidManifest.xml:206:4-31
	android:exported
		ADDED from android_studio\android_wangtu\AndroidManifest.xml:205:4-27
	android:name
		ADDED from android_studio\android_wangtu\AndroidManifest.xml:204:4-73
service#net.wangtu.android.common.compoment.getui.GeTuiIntentService
ADDED from android_studio\android_wangtu\AndroidManifest.xml:209:3-89
	android:name
		ADDED from android_studio\android_wangtu\AndroidManifest.xml:209:12-87
meta-data#PUSH_APPID
ADDED from android_studio\android_wangtu\AndroidManifest.xml:212:3-214:45
	android:value
		ADDED from android_studio\android_wangtu\AndroidManifest.xml:214:4-42
	android:name
		ADDED from android_studio\android_wangtu\AndroidManifest.xml:213:4-29
meta-data#PUSH_APPKEY
ADDED from android_studio\android_wangtu\AndroidManifest.xml:215:3-217:45
	android:value
		ADDED from android_studio\android_wangtu\AndroidManifest.xml:217:4-42
	android:name
		ADDED from android_studio\android_wangtu\AndroidManifest.xml:216:4-30
meta-data#PUSH_APPSECRET
ADDED from android_studio\android_wangtu\AndroidManifest.xml:218:3-220:45
	android:value
		ADDED from android_studio\android_wangtu\AndroidManifest.xml:220:4-42
	android:name
		ADDED from android_studio\android_wangtu\AndroidManifest.xml:219:4-33
service#com.igexin.sdk.PushService
ADDED from android_studio\android_wangtu\AndroidManifest.xml:222:3-230:13
	android:process
		ADDED from android_studio\android_wangtu\AndroidManifest.xml:226:4-34
	android:label
		ADDED from android_studio\android_wangtu\AndroidManifest.xml:225:4-38
	android:exported
		ADDED from android_studio\android_wangtu\AndroidManifest.xml:224:4-27
	android:name
		ADDED from android_studio\android_wangtu\AndroidManifest.xml:223:4-45
intent-filter#com.igexin.sdk.action.service.message
ADDED from android_studio\android_wangtu\AndroidManifest.xml:227:4-229:20
action#com.igexin.sdk.action.service.message
ADDED from android_studio\android_wangtu\AndroidManifest.xml:228:5-67
	android:name
		ADDED from android_studio\android_wangtu\AndroidManifest.xml:228:13-65
receiver#com.igexin.sdk.PushReceiver
ADDED from android_studio\android_wangtu\AndroidManifest.xml:232:3-243:14
	android:name
		ADDED from android_studio\android_wangtu\AndroidManifest.xml:232:13-55
intent-filter#android.intent.action.ACTION_POWER_CONNECTED+android.intent.action.ACTION_POWER_DISCONNECTED+android.intent.action.BOOT_COMPLETED+android.intent.action.MEDIA_MOUNTED+android.intent.action.USER_PRESENT+android.net.conn.CONNECTIVITY_CHANGE+com.igexin.sdk.action.refreshls
ADDED from android_studio\android_wangtu\AndroidManifest.xml:233:4-242:20
action#android.intent.action.BOOT_COMPLETED
ADDED from android_studio\android_wangtu\AndroidManifest.xml:234:5-67
	android:name
		ADDED from android_studio\android_wangtu\AndroidManifest.xml:234:13-64
action#android.net.conn.CONNECTIVITY_CHANGE
ADDED from android_studio\android_wangtu\AndroidManifest.xml:235:5-67
	android:name
		ADDED from android_studio\android_wangtu\AndroidManifest.xml:235:13-64
action#android.intent.action.USER_PRESENT
ADDED from android_studio\android_wangtu\AndroidManifest.xml:236:5-65
	android:name
		ADDED from android_studio\android_wangtu\AndroidManifest.xml:236:13-62
action#com.igexin.sdk.action.refreshls
ADDED from android_studio\android_wangtu\AndroidManifest.xml:237:5-62
	android:name
		ADDED from android_studio\android_wangtu\AndroidManifest.xml:237:13-59
action#android.intent.action.MEDIA_MOUNTED
ADDED from android_studio\android_wangtu\AndroidManifest.xml:239:5-66
	android:name
		ADDED from android_studio\android_wangtu\AndroidManifest.xml:239:13-63
action#android.intent.action.ACTION_POWER_CONNECTED
ADDED from android_studio\android_wangtu\AndroidManifest.xml:240:5-75
	android:name
		ADDED from android_studio\android_wangtu\AndroidManifest.xml:240:13-72
action#android.intent.action.ACTION_POWER_DISCONNECTED
ADDED from android_studio\android_wangtu\AndroidManifest.xml:241:5-78
	android:name
		ADDED from android_studio\android_wangtu\AndroidManifest.xml:241:13-75
activity#com.igexin.sdk.PushActivity
ADDED from android_studio\android_wangtu\AndroidManifest.xml:244:3-250:66
	android:process
		ADDED from android_studio\android_wangtu\AndroidManifest.xml:248:4-34
	android:excludeFromRecents
		ADDED from android_studio\android_wangtu\AndroidManifest.xml:246:4-37
	android:exported
		ADDED from android_studio\android_wangtu\AndroidManifest.xml:247:4-28
	android:theme
		ADDED from android_studio\android_wangtu\AndroidManifest.xml:250:4-63
	android:taskAffinity
		ADDED from android_studio\android_wangtu\AndroidManifest.xml:249:4-58
	android:name
		ADDED from android_studio\android_wangtu\AndroidManifest.xml:245:4-46
activity#com.igexin.sdk.GActivity
ADDED from android_studio\android_wangtu\AndroidManifest.xml:251:3-257:66
	android:process
		ADDED from android_studio\android_wangtu\AndroidManifest.xml:255:4-34
	android:excludeFromRecents
		ADDED from android_studio\android_wangtu\AndroidManifest.xml:253:4-37
	android:exported
		ADDED from android_studio\android_wangtu\AndroidManifest.xml:254:4-27
	android:theme
		ADDED from android_studio\android_wangtu\AndroidManifest.xml:257:4-63
	android:taskAffinity
		ADDED from android_studio\android_wangtu\AndroidManifest.xml:256:4-58
	android:name
		ADDED from android_studio\android_wangtu\AndroidManifest.xml:252:4-43
service#com.igexin.download.DownloadService
ADDED from android_studio\android_wangtu\AndroidManifest.xml:260:3-262:37
	android:process
		ADDED from android_studio\android_wangtu\AndroidManifest.xml:262:4-34
	android:name
		ADDED from android_studio\android_wangtu\AndroidManifest.xml:261:4-54
receiver#com.igexin.download.DownloadReceiver
ADDED from android_studio\android_wangtu\AndroidManifest.xml:263:3-267:14
	android:name
		ADDED from android_studio\android_wangtu\AndroidManifest.xml:263:13-64
intent-filter#android.net.conn.CONNECTIVITY_CHANGE
ADDED from android_studio\android_wangtu\AndroidManifest.xml:264:4-266:20
provider#com.igexin.download.DownloadProvider
ADDED from android_studio\android_wangtu\AndroidManifest.xml:268:3-272:37
	android:authorities
		ADDED from android_studio\android_wangtu\AndroidManifest.xml:270:4-54
	android:process
		ADDED from android_studio\android_wangtu\AndroidManifest.xml:272:4-34
	android:exported
		ADDED from android_studio\android_wangtu\AndroidManifest.xml:271:4-27
	android:name
		ADDED from android_studio\android_wangtu\AndroidManifest.xml:269:4-55
meta-data#android.support.VERSION
ADDED from [com.android.support:appcompat-v7:25.3.1] AndroidManifest.xml:25:5-27:34
MERGED from [com.android.support:animated-vector-drawable:25.3.1] AndroidManifest.xml:22:5-24:34
MERGED from [com.android.support:support-vector-drawable:25.3.1] AndroidManifest.xml:22:5-24:34
MERGED from [com.android.support:support-v4:25.3.1] AndroidManifest.xml:25:5-27:34
MERGED from [com.android.support:support-fragment:25.3.1] AndroidManifest.xml:25:5-27:34
MERGED from [com.android.support:support-media-compat:25.3.1] AndroidManifest.xml:25:5-27:34
MERGED from [com.android.support:support-core-ui:25.3.1] AndroidManifest.xml:25:5-27:34
MERGED from [com.android.support:support-core-utils:25.3.1] AndroidManifest.xml:25:5-27:34
MERGED from [com.android.support:support-compat:25.3.1] AndroidManifest.xml:25:5-27:34
	android:value
		ADDED from [com.android.support:appcompat-v7:25.3.1] AndroidManifest.xml:27:9-31
	android:name
		ADDED from [com.android.support:appcompat-v7:25.3.1] AndroidManifest.xml:26:9-47